android/app/build/intermediates/manifest_merge_blame_file/release/processReleaseMainManifest/manifest-merger-blame-release-report.txt
1<?xml version="1.0" encoding="utf-8"?>
2<manifest xmlns:android="http://schemas.android.com/apk/res/android"
3    package="com.sleepingbeauty.app"
4    android:versionCode="1"
5    android:versionName="1.0.0" >
6
7    <uses-sdk
8        android:minSdkVersion="21"
9        android:targetSdkVersion="35" />
10
11    <!-- Notification permission for Android 13+ -->
12    <uses-permission android:name="android.permission.POST_NOTIFICATIONS" />
12-->src/main/AndroidManifest.xml:5:5-77
12-->src/main/AndroidManifest.xml:5:22-74
13    <uses-permission android:name="android.permission.ACCESS_FINE_LOCATION" />
13-->src/main/AndroidManifest.xml:7:5-78
13-->src/main/AndroidManifest.xml:7:22-76
14    <uses-permission android:name="android.permission.ACCESS_COARSE_LOCATION" />
14-->src/main/AndroidManifest.xml:8:5-80
14-->src/main/AndroidManifest.xml:8:22-78
15
16    <!-- Required for text processing (Flutter engine) -->
17    <queries>
17-->src/main/AndroidManifest.xml:45:5-50:15
18        <intent>
18-->src/main/AndroidManifest.xml:46:9-49:18
19            <action android:name="android.intent.action.PROCESS_TEXT" />
19-->src/main/AndroidManifest.xml:47:13-72
19-->src/main/AndroidManifest.xml:47:21-70
20
21            <data android:mimeType="text/plain" />
21-->src/main/AndroidManifest.xml:48:13-50
21-->src/main/AndroidManifest.xml:48:19-48
22        </intent>
23        <!-- Needs to be explicitly declared on Android R+ -->
24        <package android:name="com.google.android.apps.maps" />
24-->[com.google.android.gms:play-services-maps:19.2.0] AndroidManifest.xml:29:7-61
24-->[com.google.android.gms:play-services-maps:19.2.0] AndroidManifest.xml:29:16-59
25    </queries>
26
27    <uses-permission android:name="android.permission.INTERNET" />
27-->[:firebase_messaging] AndroidManifest.xml:7:5-67
27-->[:firebase_messaging] AndroidManifest.xml:7:22-64
28    <uses-permission android:name="android.permission.WAKE_LOCK" />
28-->[:firebase_messaging] AndroidManifest.xml:8:5-68
28-->[:firebase_messaging] AndroidManifest.xml:8:22-65
29    <uses-permission android:name="android.permission.ACCESS_NETWORK_STATE" />
29-->[:firebase_messaging] AndroidManifest.xml:9:5-79
29-->[:firebase_messaging] AndroidManifest.xml:9:22-76
30    <uses-permission android:name="android.permission.VIBRATE" />
30-->[:flutter_local_notifications] AndroidManifest.xml:7:5-66
30-->[:flutter_local_notifications] AndroidManifest.xml:7:22-63
31
32    <uses-feature
32-->[com.google.android.gms:play-services-maps:19.2.0] AndroidManifest.xml:22:5-24:33
33        android:glEsVersion="0x00020000"
33-->[com.google.android.gms:play-services-maps:19.2.0] AndroidManifest.xml:23:8-40
34        android:required="true" /> <!-- Required by older versions of Google Play services to create IID tokens -->
34-->[com.google.android.gms:play-services-maps:19.2.0] AndroidManifest.xml:24:8-31
35    <uses-permission android:name="com.google.android.c2dm.permission.RECEIVE" />
35-->[com.google.firebase:firebase-messaging:24.1.2] AndroidManifest.xml:26:5-82
35-->[com.google.firebase:firebase-messaging:24.1.2] AndroidManifest.xml:26:22-79
36
37    <permission
37-->[androidx.core:core:1.13.1] AndroidManifest.xml:22:5-24:47
38        android:name="com.sleepingbeauty.app.DYNAMIC_RECEIVER_NOT_EXPORTED_PERMISSION"
38-->[androidx.core:core:1.13.1] AndroidManifest.xml:23:9-81
39        android:protectionLevel="signature" />
39-->[androidx.core:core:1.13.1] AndroidManifest.xml:24:9-44
40
41    <uses-permission android:name="com.sleepingbeauty.app.DYNAMIC_RECEIVER_NOT_EXPORTED_PERMISSION" />
41-->[androidx.core:core:1.13.1] AndroidManifest.xml:26:5-97
41-->[androidx.core:core:1.13.1] AndroidManifest.xml:26:22-94
42
43    <application
43-->src/main/AndroidManifest.xml:10:5-42:19
44        android:appComponentFactory="androidx.core.app.CoreComponentFactory"
44-->[androidx.core:core:1.13.1] AndroidManifest.xml:28:18-86
45        android:extractNativeLibs="true"
46        android:icon="@mipmap/ic_launcher"
46-->src/main/AndroidManifest.xml:12:9-43
47        android:label="Dornröschen" >
47-->src/main/AndroidManifest.xml:11:9-36
48        <meta-data
48-->src/main/AndroidManifest.xml:14:9-16:71
49            android:name="com.google.android.geo.API_KEY"
49-->src/main/AndroidManifest.xml:15:13-58
50            android:value="AIzaSyDkelEWkKhlcHPupM7RJfEtZOXHbDQbDYE" />
50-->src/main/AndroidManifest.xml:16:13-68
51
52        <activity
52-->src/main/AndroidManifest.xml:18:9-37:20
53            android:name="com.sleepingbeauty.app.MainActivity"
53-->src/main/AndroidManifest.xml:19:13-41
54            android:configChanges="orientation|keyboardHidden|keyboard|screenSize|smallestScreenSize|locale|layoutDirection|fontScale|screenLayout|density|uiMode"
54-->src/main/AndroidManifest.xml:23:13-163
55            android:exported="true"
55-->src/main/AndroidManifest.xml:20:13-36
56            android:hardwareAccelerated="true"
56-->src/main/AndroidManifest.xml:24:13-47
57            android:launchMode="singleTop"
57-->src/main/AndroidManifest.xml:21:13-43
58            android:theme="@style/LaunchTheme"
58-->src/main/AndroidManifest.xml:22:13-47
59            android:windowSoftInputMode="adjustResize" >
59-->src/main/AndroidManifest.xml:25:13-55
60
61            <!-- Activity visible while Flutter loads -->
62            <meta-data
62-->src/main/AndroidManifest.xml:28:13-30:57
63                android:name="io.flutter.embedding.android.NormalTheme"
63-->src/main/AndroidManifest.xml:29:17-72
64                android:resource="@style/NormalTheme" />
64-->src/main/AndroidManifest.xml:30:17-54
65
66            <intent-filter>
66-->src/main/AndroidManifest.xml:32:13-35:29
67                <action android:name="android.intent.action.MAIN" />
67-->src/main/AndroidManifest.xml:33:17-69
67-->src/main/AndroidManifest.xml:33:25-66
68
69                <category android:name="android.intent.category.LAUNCHER" />
69-->src/main/AndroidManifest.xml:34:17-77
69-->src/main/AndroidManifest.xml:34:27-74
70            </intent-filter>
71        </activity>
72
73        <!-- Required for Flutter -->
74        <meta-data
74-->src/main/AndroidManifest.xml:40:9-72
75            android:name="flutterEmbedding"
75-->src/main/AndroidManifest.xml:40:20-51
76            android:value="2" />
76-->src/main/AndroidManifest.xml:40:52-69
77
78        <service
78-->[:geolocator_android] AndroidManifest.xml:8:9-12:56
79            android:name="com.baseflow.geolocator.GeolocatorLocationService"
79-->[:geolocator_android] AndroidManifest.xml:9:13-77
80            android:enabled="true"
80-->[:geolocator_android] AndroidManifest.xml:10:13-35
81            android:exported="false"
81-->[:geolocator_android] AndroidManifest.xml:11:13-37
82            android:foregroundServiceType="location" />
82-->[:geolocator_android] AndroidManifest.xml:12:13-53
83        <service
83-->[:firebase_messaging] AndroidManifest.xml:14:9-17:72
84            android:name="io.flutter.plugins.firebase.messaging.FlutterFirebaseMessagingBackgroundService"
84-->[:firebase_messaging] AndroidManifest.xml:15:13-107
85            android:exported="false"
85-->[:firebase_messaging] AndroidManifest.xml:16:13-37
86            android:permission="android.permission.BIND_JOB_SERVICE" />
86-->[:firebase_messaging] AndroidManifest.xml:17:13-69
87        <service
87-->[:firebase_messaging] AndroidManifest.xml:18:9-24:19
88            android:name="io.flutter.plugins.firebase.messaging.FlutterFirebaseMessagingService"
88-->[:firebase_messaging] AndroidManifest.xml:19:13-97
89            android:exported="false" >
89-->[:firebase_messaging] AndroidManifest.xml:20:13-37
90            <intent-filter>
90-->[:firebase_messaging] AndroidManifest.xml:21:13-23:29
91                <action android:name="com.google.firebase.MESSAGING_EVENT" />
91-->[:firebase_messaging] AndroidManifest.xml:22:17-78
91-->[:firebase_messaging] AndroidManifest.xml:22:25-75
92            </intent-filter>
93        </service>
94
95        <receiver
95-->[:firebase_messaging] AndroidManifest.xml:26:9-33:20
96            android:name="io.flutter.plugins.firebase.messaging.FlutterFirebaseMessagingReceiver"
96-->[:firebase_messaging] AndroidManifest.xml:27:13-98
97            android:exported="true"
97-->[:firebase_messaging] AndroidManifest.xml:28:13-36
98            android:permission="com.google.android.c2dm.permission.SEND" >
98-->[:firebase_messaging] AndroidManifest.xml:29:13-73
99            <intent-filter>
99-->[:firebase_messaging] AndroidManifest.xml:30:13-32:29
100                <action android:name="com.google.android.c2dm.intent.RECEIVE" />
100-->[:firebase_messaging] AndroidManifest.xml:31:17-81
100-->[:firebase_messaging] AndroidManifest.xml:31:25-78
101            </intent-filter>
102        </receiver>
103
104        <service
104-->[:firebase_messaging] AndroidManifest.xml:35:9-39:19
105            android:name="com.google.firebase.components.ComponentDiscoveryService"
105-->[:firebase_messaging] AndroidManifest.xml:35:18-89
106            android:directBootAware="true"
106-->[com.google.firebase:firebase-common:21.0.0] AndroidManifest.xml:32:13-43
107            android:exported="false" >
107-->[com.google.firebase:firebase-messaging:24.1.2] AndroidManifest.xml:56:13-37
108            <meta-data
108-->[:firebase_messaging] AndroidManifest.xml:36:13-38:85
109                android:name="com.google.firebase.components:io.flutter.plugins.firebase.messaging.FlutterFirebaseAppRegistrar"
109-->[:firebase_messaging] AndroidManifest.xml:37:17-128
110                android:value="com.google.firebase.components.ComponentRegistrar" />
110-->[:firebase_messaging] AndroidManifest.xml:38:17-82
111            <meta-data
111-->[:firebase_core] AndroidManifest.xml:9:13-11:85
112                android:name="com.google.firebase.components:io.flutter.plugins.firebase.core.FlutterFirebaseCoreRegistrar"
112-->[:firebase_core] AndroidManifest.xml:10:17-124
113                android:value="com.google.firebase.components.ComponentRegistrar" />
113-->[:firebase_core] AndroidManifest.xml:11:17-82
114            <meta-data
114-->[com.google.firebase:firebase-messaging:24.1.2] AndroidManifest.xml:57:13-59:85
115                android:name="com.google.firebase.components:com.google.firebase.messaging.FirebaseMessagingKtxRegistrar"
115-->[com.google.firebase:firebase-messaging:24.1.2] AndroidManifest.xml:58:17-122
116                android:value="com.google.firebase.components.ComponentRegistrar" />
116-->[com.google.firebase:firebase-messaging:24.1.2] AndroidManifest.xml:59:17-82
117            <meta-data
117-->[com.google.firebase:firebase-messaging:24.1.2] AndroidManifest.xml:60:13-62:85
118                android:name="com.google.firebase.components:com.google.firebase.messaging.FirebaseMessagingRegistrar"
118-->[com.google.firebase:firebase-messaging:24.1.2] AndroidManifest.xml:61:17-119
119                android:value="com.google.firebase.components.ComponentRegistrar" />
119-->[com.google.firebase:firebase-messaging:24.1.2] AndroidManifest.xml:62:17-82
120            <meta-data
120-->[com.google.firebase:firebase-installations:18.0.0] AndroidManifest.xml:15:13-17:85
121                android:name="com.google.firebase.components:com.google.firebase.installations.FirebaseInstallationsKtxRegistrar"
121-->[com.google.firebase:firebase-installations:18.0.0] AndroidManifest.xml:16:17-130
122                android:value="com.google.firebase.components.ComponentRegistrar" />
122-->[com.google.firebase:firebase-installations:18.0.0] AndroidManifest.xml:17:17-82
123            <meta-data
123-->[com.google.firebase:firebase-installations:18.0.0] AndroidManifest.xml:18:13-20:85
124                android:name="com.google.firebase.components:com.google.firebase.installations.FirebaseInstallationsRegistrar"
124-->[com.google.firebase:firebase-installations:18.0.0] AndroidManifest.xml:19:17-127
125                android:value="com.google.firebase.components.ComponentRegistrar" />
125-->[com.google.firebase:firebase-installations:18.0.0] AndroidManifest.xml:20:17-82
126            <meta-data
126-->[com.google.firebase:firebase-common-ktx:21.0.0] AndroidManifest.xml:12:13-14:85
127                android:name="com.google.firebase.components:com.google.firebase.ktx.FirebaseCommonLegacyRegistrar"
127-->[com.google.firebase:firebase-common-ktx:21.0.0] AndroidManifest.xml:13:17-116
128                android:value="com.google.firebase.components.ComponentRegistrar" />
128-->[com.google.firebase:firebase-common-ktx:21.0.0] AndroidManifest.xml:14:17-82
129            <meta-data
129-->[com.google.firebase:firebase-common:21.0.0] AndroidManifest.xml:35:13-37:85
130                android:name="com.google.firebase.components:com.google.firebase.FirebaseCommonKtxRegistrar"
130-->[com.google.firebase:firebase-common:21.0.0] AndroidManifest.xml:36:17-109
131                android:value="com.google.firebase.components.ComponentRegistrar" />
131-->[com.google.firebase:firebase-common:21.0.0] AndroidManifest.xml:37:17-82
132            <meta-data
132-->[com.google.firebase:firebase-datatransport:18.2.0] AndroidManifest.xml:25:13-27:85
133                android:name="com.google.firebase.components:com.google.firebase.datatransport.TransportRegistrar"
133-->[com.google.firebase:firebase-datatransport:18.2.0] AndroidManifest.xml:26:17-115
134                android:value="com.google.firebase.components.ComponentRegistrar" />
134-->[com.google.firebase:firebase-datatransport:18.2.0] AndroidManifest.xml:27:17-82
135        </service>
136
137        <provider
137-->[:firebase_messaging] AndroidManifest.xml:41:9-45:38
138            android:name="io.flutter.plugins.firebase.messaging.FlutterFirebaseMessagingInitProvider"
138-->[:firebase_messaging] AndroidManifest.xml:42:13-102
139            android:authorities="com.sleepingbeauty.app.flutterfirebasemessaginginitprovider"
139-->[:firebase_messaging] AndroidManifest.xml:43:13-88
140            android:exported="false"
140-->[:firebase_messaging] AndroidManifest.xml:44:13-37
141            android:initOrder="99" />
141-->[:firebase_messaging] AndroidManifest.xml:45:13-35
142        <provider
142-->[:image_picker_android] AndroidManifest.xml:9:9-17:20
143            android:name="io.flutter.plugins.imagepicker.ImagePickerFileProvider"
143-->[:image_picker_android] AndroidManifest.xml:10:13-82
144            android:authorities="com.sleepingbeauty.app.flutter.image_provider"
144-->[:image_picker_android] AndroidManifest.xml:11:13-74
145            android:exported="false"
145-->[:image_picker_android] AndroidManifest.xml:12:13-37
146            android:grantUriPermissions="true" >
146-->[:image_picker_android] AndroidManifest.xml:13:13-47
147            <meta-data
147-->[:image_picker_android] AndroidManifest.xml:14:13-16:75
148                android:name="android.support.FILE_PROVIDER_PATHS"
148-->[:image_picker_android] AndroidManifest.xml:15:17-67
149                android:resource="@xml/flutter_image_picker_file_paths" />
149-->[:image_picker_android] AndroidManifest.xml:16:17-72
150        </provider> <!-- Trigger Google Play services to install the backported photo picker module. -->
151        <service
151-->[:image_picker_android] AndroidManifest.xml:19:9-31:19
152            android:name="com.google.android.gms.metadata.ModuleDependencies"
152-->[:image_picker_android] AndroidManifest.xml:20:13-78
153            android:enabled="false"
153-->[:image_picker_android] AndroidManifest.xml:21:13-36
154            android:exported="false" >
154-->[:image_picker_android] AndroidManifest.xml:22:13-37
155            <intent-filter>
155-->[:image_picker_android] AndroidManifest.xml:24:13-26:29
156                <action android:name="com.google.android.gms.metadata.MODULE_DEPENDENCIES" />
156-->[:image_picker_android] AndroidManifest.xml:25:17-94
156-->[:image_picker_android] AndroidManifest.xml:25:25-91
157            </intent-filter>
158
159            <meta-data
159-->[:image_picker_android] AndroidManifest.xml:28:13-30:36
160                android:name="photopicker_activity:0:required"
160-->[:image_picker_android] AndroidManifest.xml:29:17-63
161                android:value="" />
161-->[:image_picker_android] AndroidManifest.xml:30:17-33
162        </service>
163
164        <activity
164-->[:url_launcher_android] AndroidManifest.xml:8:9-11:74
165            android:name="io.flutter.plugins.urllauncher.WebViewActivity"
165-->[:url_launcher_android] AndroidManifest.xml:9:13-74
166            android:exported="false"
166-->[:url_launcher_android] AndroidManifest.xml:10:13-37
167            android:theme="@android:style/Theme.NoTitleBar.Fullscreen" /> <!-- Needs to be explicitly declared on P+ -->
167-->[:url_launcher_android] AndroidManifest.xml:11:13-71
168        <uses-library
168-->[com.google.android.gms:play-services-maps:19.2.0] AndroidManifest.xml:33:7-86
169            android:name="org.apache.http.legacy"
169-->[com.google.android.gms:play-services-maps:19.2.0] AndroidManifest.xml:33:21-58
170            android:required="false" />
170-->[com.google.android.gms:play-services-maps:19.2.0] AndroidManifest.xml:33:59-83
171
172        <receiver
172-->[com.google.firebase:firebase-messaging:24.1.2] AndroidManifest.xml:29:9-40:20
173            android:name="com.google.firebase.iid.FirebaseInstanceIdReceiver"
173-->[com.google.firebase:firebase-messaging:24.1.2] AndroidManifest.xml:30:13-78
174            android:exported="true"
174-->[com.google.firebase:firebase-messaging:24.1.2] AndroidManifest.xml:31:13-36
175            android:permission="com.google.android.c2dm.permission.SEND" >
175-->[com.google.firebase:firebase-messaging:24.1.2] AndroidManifest.xml:32:13-73
176            <intent-filter>
176-->[:firebase_messaging] AndroidManifest.xml:30:13-32:29
177                <action android:name="com.google.android.c2dm.intent.RECEIVE" />
177-->[:firebase_messaging] AndroidManifest.xml:31:17-81
177-->[:firebase_messaging] AndroidManifest.xml:31:25-78
178            </intent-filter>
179
180            <meta-data
180-->[com.google.firebase:firebase-messaging:24.1.2] AndroidManifest.xml:37:13-39:40
181                android:name="com.google.android.gms.cloudmessaging.FINISHED_AFTER_HANDLED"
181-->[com.google.firebase:firebase-messaging:24.1.2] AndroidManifest.xml:38:17-92
182                android:value="true" />
182-->[com.google.firebase:firebase-messaging:24.1.2] AndroidManifest.xml:39:17-37
183        </receiver>
184        <!--
185             FirebaseMessagingService performs security checks at runtime,
186             but set to not exported to explicitly avoid allowing another app to call it.
187        -->
188        <service
188-->[com.google.firebase:firebase-messaging:24.1.2] AndroidManifest.xml:46:9-53:19
189            android:name="com.google.firebase.messaging.FirebaseMessagingService"
189-->[com.google.firebase:firebase-messaging:24.1.2] AndroidManifest.xml:47:13-82
190            android:directBootAware="true"
190-->[com.google.firebase:firebase-messaging:24.1.2] AndroidManifest.xml:48:13-43
191            android:exported="false" >
191-->[com.google.firebase:firebase-messaging:24.1.2] AndroidManifest.xml:49:13-37
192            <intent-filter android:priority="-500" >
192-->[:firebase_messaging] AndroidManifest.xml:21:13-23:29
193                <action android:name="com.google.firebase.MESSAGING_EVENT" />
193-->[:firebase_messaging] AndroidManifest.xml:22:17-78
193-->[:firebase_messaging] AndroidManifest.xml:22:25-75
194            </intent-filter>
195        </service>
196
197        <activity
197-->[com.google.android.gms:play-services-base:18.5.0] AndroidManifest.xml:5:9-173
198            android:name="com.google.android.gms.common.api.GoogleApiActivity"
198-->[com.google.android.gms:play-services-base:18.5.0] AndroidManifest.xml:5:19-85
199            android:exported="false"
199-->[com.google.android.gms:play-services-base:18.5.0] AndroidManifest.xml:5:146-170
200            android:theme="@android:style/Theme.Translucent.NoTitleBar" />
200-->[com.google.android.gms:play-services-base:18.5.0] AndroidManifest.xml:5:86-145
201
202        <provider
202-->[com.google.firebase:firebase-common:21.0.0] AndroidManifest.xml:23:9-28:39
203            android:name="com.google.firebase.provider.FirebaseInitProvider"
203-->[com.google.firebase:firebase-common:21.0.0] AndroidManifest.xml:24:13-77
204            android:authorities="com.sleepingbeauty.app.firebaseinitprovider"
204-->[com.google.firebase:firebase-common:21.0.0] AndroidManifest.xml:25:13-72
205            android:directBootAware="true"
205-->[com.google.firebase:firebase-common:21.0.0] AndroidManifest.xml:26:13-43
206            android:exported="false"
206-->[com.google.firebase:firebase-common:21.0.0] AndroidManifest.xml:27:13-37
207            android:initOrder="100" />
207-->[com.google.firebase:firebase-common:21.0.0] AndroidManifest.xml:28:13-36
208
209        <uses-library
209-->[androidx.window:window:1.2.0] AndroidManifest.xml:23:9-25:40
210            android:name="androidx.window.extensions"
210-->[androidx.window:window:1.2.0] AndroidManifest.xml:24:13-54
211            android:required="false" />
211-->[androidx.window:window:1.2.0] AndroidManifest.xml:25:13-37
212        <uses-library
212-->[androidx.window:window:1.2.0] AndroidManifest.xml:26:9-28:40
213            android:name="androidx.window.sidecar"
213-->[androidx.window:window:1.2.0] AndroidManifest.xml:27:13-51
214            android:required="false" />
214-->[androidx.window:window:1.2.0] AndroidManifest.xml:28:13-37
215
216        <provider
216-->[androidx.lifecycle:lifecycle-process:2.7.0] AndroidManifest.xml:24:9-32:20
217            android:name="androidx.startup.InitializationProvider"
217-->[androidx.lifecycle:lifecycle-process:2.7.0] AndroidManifest.xml:25:13-67
218            android:authorities="com.sleepingbeauty.app.androidx-startup"
218-->[androidx.lifecycle:lifecycle-process:2.7.0] AndroidManifest.xml:26:13-68
219            android:exported="false" >
219-->[androidx.lifecycle:lifecycle-process:2.7.0] AndroidManifest.xml:27:13-37
220            <meta-data
220-->[androidx.lifecycle:lifecycle-process:2.7.0] AndroidManifest.xml:29:13-31:52
221                android:name="androidx.lifecycle.ProcessLifecycleInitializer"
221-->[androidx.lifecycle:lifecycle-process:2.7.0] AndroidManifest.xml:30:17-78
222                android:value="androidx.startup" />
222-->[androidx.lifecycle:lifecycle-process:2.7.0] AndroidManifest.xml:31:17-49
223            <meta-data
223-->[androidx.profileinstaller:profileinstaller:1.4.0] AndroidManifest.xml:29:13-31:52
224                android:name="androidx.profileinstaller.ProfileInstallerInitializer"
224-->[androidx.profileinstaller:profileinstaller:1.4.0] AndroidManifest.xml:30:17-85
225                android:value="androidx.startup" />
225-->[androidx.profileinstaller:profileinstaller:1.4.0] AndroidManifest.xml:31:17-49
226        </provider>
227
228        <meta-data
228-->[com.google.android.gms:play-services-basement:18.4.0] AndroidManifest.xml:6:9-122
229            android:name="com.google.android.gms.version"
229-->[com.google.android.gms:play-services-basement:18.4.0] AndroidManifest.xml:6:20-65
230            android:value="@integer/google_play_services_version" />
230-->[com.google.android.gms:play-services-basement:18.4.0] AndroidManifest.xml:6:66-119
231
232        <receiver
232-->[androidx.profileinstaller:profileinstaller:1.4.0] AndroidManifest.xml:34:9-52:20
233            android:name="androidx.profileinstaller.ProfileInstallReceiver"
233-->[androidx.profileinstaller:profileinstaller:1.4.0] AndroidManifest.xml:35:13-76
234            android:directBootAware="false"
234-->[androidx.profileinstaller:profileinstaller:1.4.0] AndroidManifest.xml:36:13-44
235            android:enabled="true"
235-->[androidx.profileinstaller:profileinstaller:1.4.0] AndroidManifest.xml:37:13-35
236            android:exported="true"
236-->[androidx.profileinstaller:profileinstaller:1.4.0] AndroidManifest.xml:38:13-36
237            android:permission="android.permission.DUMP" >
237-->[androidx.profileinstaller:profileinstaller:1.4.0] AndroidManifest.xml:39:13-57
238            <intent-filter>
238-->[androidx.profileinstaller:profileinstaller:1.4.0] AndroidManifest.xml:40:13-42:29
239                <action android:name="androidx.profileinstaller.action.INSTALL_PROFILE" />
239-->[androidx.profileinstaller:profileinstaller:1.4.0] AndroidManifest.xml:41:17-91
239-->[androidx.profileinstaller:profileinstaller:1.4.0] AndroidManifest.xml:41:25-88
240            </intent-filter>
241            <intent-filter>
241-->[androidx.profileinstaller:profileinstaller:1.4.0] AndroidManifest.xml:43:13-45:29
242                <action android:name="androidx.profileinstaller.action.SKIP_FILE" />
242-->[androidx.profileinstaller:profileinstaller:1.4.0] AndroidManifest.xml:44:17-85
242-->[androidx.profileinstaller:profileinstaller:1.4.0] AndroidManifest.xml:44:25-82
243            </intent-filter>
244            <intent-filter>
244-->[androidx.profileinstaller:profileinstaller:1.4.0] AndroidManifest.xml:46:13-48:29
245                <action android:name="androidx.profileinstaller.action.SAVE_PROFILE" />
245-->[androidx.profileinstaller:profileinstaller:1.4.0] AndroidManifest.xml:47:17-88
245-->[androidx.profileinstaller:profileinstaller:1.4.0] AndroidManifest.xml:47:25-85
246            </intent-filter>
247            <intent-filter>
247-->[androidx.profileinstaller:profileinstaller:1.4.0] AndroidManifest.xml:49:13-51:29
248                <action android:name="androidx.profileinstaller.action.BENCHMARK_OPERATION" />
248-->[androidx.profileinstaller:profileinstaller:1.4.0] AndroidManifest.xml:50:17-95
248-->[androidx.profileinstaller:profileinstaller:1.4.0] AndroidManifest.xml:50:25-92
249            </intent-filter>
250        </receiver>
251
252        <service
252-->[com.google.android.datatransport:transport-backend-cct:3.1.9] AndroidManifest.xml:28:9-34:19
253            android:name="com.google.android.datatransport.runtime.backends.TransportBackendDiscovery"
253-->[com.google.android.datatransport:transport-backend-cct:3.1.9] AndroidManifest.xml:29:13-103
254            android:exported="false" >
254-->[com.google.android.datatransport:transport-backend-cct:3.1.9] AndroidManifest.xml:30:13-37
255            <meta-data
255-->[com.google.android.datatransport:transport-backend-cct:3.1.9] AndroidManifest.xml:31:13-33:39
256                android:name="backend:com.google.android.datatransport.cct.CctBackendFactory"
256-->[com.google.android.datatransport:transport-backend-cct:3.1.9] AndroidManifest.xml:32:17-94
257                android:value="cct" />
257-->[com.google.android.datatransport:transport-backend-cct:3.1.9] AndroidManifest.xml:33:17-36
258        </service>
259        <service
259-->[com.google.android.datatransport:transport-runtime:3.1.9] AndroidManifest.xml:26:9-30:19
260            android:name="com.google.android.datatransport.runtime.scheduling.jobscheduling.JobInfoSchedulerService"
260-->[com.google.android.datatransport:transport-runtime:3.1.9] AndroidManifest.xml:27:13-117
261            android:exported="false"
261-->[com.google.android.datatransport:transport-runtime:3.1.9] AndroidManifest.xml:28:13-37
262            android:permission="android.permission.BIND_JOB_SERVICE" >
262-->[com.google.android.datatransport:transport-runtime:3.1.9] AndroidManifest.xml:29:13-69
263        </service>
264
265        <receiver
265-->[com.google.android.datatransport:transport-runtime:3.1.9] AndroidManifest.xml:32:9-34:40
266            android:name="com.google.android.datatransport.runtime.scheduling.jobscheduling.AlarmManagerSchedulerBroadcastReceiver"
266-->[com.google.android.datatransport:transport-runtime:3.1.9] AndroidManifest.xml:33:13-132
267            android:exported="false" />
267-->[com.google.android.datatransport:transport-runtime:3.1.9] AndroidManifest.xml:34:13-37
268    </application>
269
270</manifest>